<?xml version="1.0" encoding="UTF-8"?>
<testng-results skipped="0" failed="0" total="1" passed="1">
  <reporter-output>
  </reporter-output>
  <suite name="Default suite" duration-ms="31834" started-at="2018-10-20T11:35:32Z" finished-at="2018-10-20T11:36:04Z">
    <groups>
    </groups>
    <test name="Default test" duration-ms="31834" started-at="2018-10-20T11:35:32Z" finished-at="2018-10-20T11:36:04Z">
      <class name="com.technocredits.orangeHRM.TestScripts.LoginTest">
        <test-method status="PASS" signature="loginCheck()[pri:0, instance:com.technocredits.orangeHRM.TestScripts.LoginTest@2a5ca609]" name="loginCheck" duration-ms="31791" started-at="2018-10-20T17:05:32Z" finished-at="2018-10-20T17:06:04Z">
          <reporter-output>
          </reporter-output>
        </test-method> <!-- loginCheck -->
      </class> <!-- com.technocredits.orangeHRM.TestScripts.LoginTest -->
    </test> <!-- Default test -->
  </suite> <!-- Default suite -->
</testng-results>
